<?xml version="1.0" encoding="UTF-8"?>
<testsuite name="Menu" tests="9" skipped="0" failures="4" errors="0" timestamp="2021-03-03T00:14:08" hostname="CHRIS" time="223.127">
  <properties/>
  <testcase name="Acessar Menu #1" classname="Menu" time="22.899">
    <failure message="org.openqa.selenium.NoSuchElementException: no such element: Unable to locate element: {&quot;method&quot;:&quot;link text&quot;,&quot;selector&quot;:&quot;Testes Automatizados&quot;}&#10;  (Session info: chrome=88.0.4324.190)&#10;For documentation on this error, please visit: https://www.seleniumhq.org/exceptions/no_such_element.html&#10;Build info: version: '3.141.59', revision: 'e82be7d358', time: '2018-11-14T08:17:03'&#10;System info: host: 'CHRIS', ip: '192.168.99.1', os.name: 'Windows 10', os.arch: 'amd64', os.version: '10.0', java.version: '14'&#10;Driver info: org.openqa.selenium.chrome.ChromeDriver&#10;Capabilities {acceptInsecureCerts: false, browserName: chrome, browserVersion: 88.0.4324.190, chrome: {chromedriverVersion: 88.0.4324.27 (6347fe8bf1e48..., userDataDir: C:\Users\Chris\AppData\Loca...}, goog:chromeOptions: {debuggerAddress: localhost:60923}, javascriptEnabled: true, networkConnectionEnabled: false, pageLoadStrategy: normal, platform: WINDOWS, platformName: WINDOWS, proxy: Proxy(), setWindowRect: true, strictFileInteractability: false, timeouts: {implicit: 0, pageLoad: 300000, script: 30000}, unhandledPromptBehavior: dismiss and notify, webauthn:extension:largeBlob: true, webauthn:virtualAuthenticators: true}&#10;Session ID: 79e96647c3391ed733dcfd5fa77bdba5&#10;*** Element info: {Using=link text, value=Testes Automatizados}" type="org.openqa.selenium.NoSuchElementException">org.openqa.selenium.NoSuchElementException: no such element: Unable to locate element: {&quot;method&quot;:&quot;link text&quot;,&quot;selector&quot;:&quot;Testes Automatizados&quot;}
  (Session info: chrome=88.0.4324.190)
For documentation on this error, please visit: https://www.seleniumhq.org/exceptions/no_such_element.html
Build info: version: '3.141.59', revision: 'e82be7d358', time: '2018-11-14T08:17:03'
System info: host: 'CHRIS', ip: '192.168.99.1', os.name: 'Windows 10', os.arch: 'amd64', os.version: '10.0', java.version: '14'
Driver info: org.openqa.selenium.chrome.ChromeDriver
Capabilities {acceptInsecureCerts: false, browserName: chrome, browserVersion: 88.0.4324.190, chrome: {chromedriverVersion: 88.0.4324.27 (6347fe8bf1e48..., userDataDir: C:\Users\Chris\AppData\Loca...}, goog:chromeOptions: {debuggerAddress: localhost:60923}, javascriptEnabled: true, networkConnectionEnabled: false, pageLoadStrategy: normal, platform: WINDOWS, platformName: WINDOWS, proxy: Proxy(), setWindowRect: true, strictFileInteractability: false, timeouts: {implicit: 0, pageLoad: 300000, script: 30000}, unhandledPromptBehavior: dismiss and notify, webauthn:extension:largeBlob: true, webauthn:virtualAuthenticators: true}
Session ID: 79e96647c3391ed733dcfd5fa77bdba5
*** Element info: {Using=link text, value=Testes Automatizados}
	at java.base/jdk.internal.reflect.NativeConstructorAccessorImpl.newInstance0(Native Method)
	at java.base/jdk.internal.reflect.NativeConstructorAccessorImpl.newInstance(NativeConstructorAccessorImpl.java:62)
	at java.base/jdk.internal.reflect.DelegatingConstructorAccessorImpl.newInstance(DelegatingConstructorAccessorImpl.java:45)
	at java.base/java.lang.reflect.Constructor.newInstanceWithCaller(Constructor.java:500)
	at java.base/java.lang.reflect.Constructor.newInstance(Constructor.java:481)
	at org.openqa.selenium.remote.http.W3CHttpResponseCodec.createException(W3CHttpResponseCodec.java:187)
	at org.openqa.selenium.remote.http.W3CHttpResponseCodec.decode(W3CHttpResponseCodec.java:122)
	at org.openqa.selenium.remote.http.W3CHttpResponseCodec.decode(W3CHttpResponseCodec.java:49)
	at org.openqa.selenium.remote.HttpCommandExecutor.execute(HttpCommandExecutor.java:158)
	at org.openqa.selenium.remote.service.DriverCommandExecutor.execute(DriverCommandExecutor.java:83)
	at org.openqa.selenium.remote.RemoteWebDriver.execute(RemoteWebDriver.java:552)
	at org.openqa.selenium.remote.RemoteWebDriver.findElement(RemoteWebDriver.java:323)
	at org.openqa.selenium.remote.RemoteWebDriver.findElementByLinkText(RemoteWebDriver.java:380)
	at org.openqa.selenium.By$ByLinkText.findElement(By.java:220)
	at org.openqa.selenium.remote.RemoteWebDriver.findElement(RemoteWebDriver.java:315)
	at step_definitions.PortalSteps.euClicoNoMenuEEscolhoTitulo(PortalSteps.java:45)
	at ✽.eu clico no Menu e escolho &quot;Testes Automatizados&quot;(file:///D:/chris/Documents/ProjetoAudiTesteWeb/src/test/java/features/Portal.feature:7)
</failure>
  </testcase>
  <testcase name="Acessar Menu #2" classname="Menu" time="23.107">
    <failure message="org.openqa.selenium.NoSuchElementException: no such element: Unable to locate element: {&quot;method&quot;:&quot;link text&quot;,&quot;selector&quot;:&quot;Testes Funcionais Não Funcionais&quot;}&#10;  (Session info: chrome=88.0.4324.190)&#10;For documentation on this error, please visit: https://www.seleniumhq.org/exceptions/no_such_element.html&#10;Build info: version: '3.141.59', revision: 'e82be7d358', time: '2018-11-14T08:17:03'&#10;System info: host: 'CHRIS', ip: '192.168.99.1', os.name: 'Windows 10', os.arch: 'amd64', os.version: '10.0', java.version: '14'&#10;Driver info: org.openqa.selenium.chrome.ChromeDriver&#10;Capabilities {acceptInsecureCerts: false, browserName: chrome, browserVersion: 88.0.4324.190, chrome: {chromedriverVersion: 88.0.4324.27 (6347fe8bf1e48..., userDataDir: C:\Users\Chris\AppData\Loca...}, goog:chromeOptions: {debuggerAddress: localhost:61101}, javascriptEnabled: true, networkConnectionEnabled: false, pageLoadStrategy: normal, platform: WINDOWS, platformName: WINDOWS, proxy: Proxy(), setWindowRect: true, strictFileInteractability: false, timeouts: {implicit: 0, pageLoad: 300000, script: 30000}, unhandledPromptBehavior: dismiss and notify, webauthn:extension:largeBlob: true, webauthn:virtualAuthenticators: true}&#10;Session ID: 596a09fbc9ec13ea7ad73f620628a4f9&#10;*** Element info: {Using=link text, value=Testes Funcionais Não Funcionais}" type="org.openqa.selenium.NoSuchElementException">org.openqa.selenium.NoSuchElementException: no such element: Unable to locate element: {&quot;method&quot;:&quot;link text&quot;,&quot;selector&quot;:&quot;Testes Funcionais Não Funcionais&quot;}
  (Session info: chrome=88.0.4324.190)
For documentation on this error, please visit: https://www.seleniumhq.org/exceptions/no_such_element.html
Build info: version: '3.141.59', revision: 'e82be7d358', time: '2018-11-14T08:17:03'
System info: host: 'CHRIS', ip: '192.168.99.1', os.name: 'Windows 10', os.arch: 'amd64', os.version: '10.0', java.version: '14'
Driver info: org.openqa.selenium.chrome.ChromeDriver
Capabilities {acceptInsecureCerts: false, browserName: chrome, browserVersion: 88.0.4324.190, chrome: {chromedriverVersion: 88.0.4324.27 (6347fe8bf1e48..., userDataDir: C:\Users\Chris\AppData\Loca...}, goog:chromeOptions: {debuggerAddress: localhost:61101}, javascriptEnabled: true, networkConnectionEnabled: false, pageLoadStrategy: normal, platform: WINDOWS, platformName: WINDOWS, proxy: Proxy(), setWindowRect: true, strictFileInteractability: false, timeouts: {implicit: 0, pageLoad: 300000, script: 30000}, unhandledPromptBehavior: dismiss and notify, webauthn:extension:largeBlob: true, webauthn:virtualAuthenticators: true}
Session ID: 596a09fbc9ec13ea7ad73f620628a4f9
*** Element info: {Using=link text, value=Testes Funcionais Não Funcionais}
	at java.base/jdk.internal.reflect.NativeConstructorAccessorImpl.newInstance0(Native Method)
	at java.base/jdk.internal.reflect.NativeConstructorAccessorImpl.newInstance(NativeConstructorAccessorImpl.java:62)
	at java.base/jdk.internal.reflect.DelegatingConstructorAccessorImpl.newInstance(DelegatingConstructorAccessorImpl.java:45)
	at java.base/java.lang.reflect.Constructor.newInstanceWithCaller(Constructor.java:500)
	at java.base/java.lang.reflect.Constructor.newInstance(Constructor.java:481)
	at org.openqa.selenium.remote.http.W3CHttpResponseCodec.createException(W3CHttpResponseCodec.java:187)
	at org.openqa.selenium.remote.http.W3CHttpResponseCodec.decode(W3CHttpResponseCodec.java:122)
	at org.openqa.selenium.remote.http.W3CHttpResponseCodec.decode(W3CHttpResponseCodec.java:49)
	at org.openqa.selenium.remote.HttpCommandExecutor.execute(HttpCommandExecutor.java:158)
	at org.openqa.selenium.remote.service.DriverCommandExecutor.execute(DriverCommandExecutor.java:83)
	at org.openqa.selenium.remote.RemoteWebDriver.execute(RemoteWebDriver.java:552)
	at org.openqa.selenium.remote.RemoteWebDriver.findElement(RemoteWebDriver.java:323)
	at org.openqa.selenium.remote.RemoteWebDriver.findElementByLinkText(RemoteWebDriver.java:380)
	at org.openqa.selenium.By$ByLinkText.findElement(By.java:220)
	at org.openqa.selenium.remote.RemoteWebDriver.findElement(RemoteWebDriver.java:315)
	at step_definitions.PortalSteps.euClicoNoMenuEEscolhoTitulo(PortalSteps.java:45)
	at ✽.eu clico no Menu e escolho &quot;Testes Funcionais Não Funcionais&quot;(file:///D:/chris/Documents/ProjetoAudiTesteWeb/src/test/java/features/Portal.feature:7)
</failure>
  </testcase>
  <testcase name="Acessar Menu #3" classname="Menu" time="24.329">
    <failure message="org.openqa.selenium.NoSuchElementException: no such element: Unable to locate element: {&quot;method&quot;:&quot;link text&quot;,&quot;selector&quot;:&quot;Testes Manuais&quot;}&#10;  (Session info: chrome=88.0.4324.190)&#10;For documentation on this error, please visit: https://www.seleniumhq.org/exceptions/no_such_element.html&#10;Build info: version: '3.141.59', revision: 'e82be7d358', time: '2018-11-14T08:17:03'&#10;System info: host: 'CHRIS', ip: '192.168.99.1', os.name: 'Windows 10', os.arch: 'amd64', os.version: '10.0', java.version: '14'&#10;Driver info: org.openqa.selenium.chrome.ChromeDriver&#10;Capabilities {acceptInsecureCerts: false, browserName: chrome, browserVersion: 88.0.4324.190, chrome: {chromedriverVersion: 88.0.4324.27 (6347fe8bf1e48..., userDataDir: C:\Users\Chris\AppData\Loca...}, goog:chromeOptions: {debuggerAddress: localhost:61278}, javascriptEnabled: true, networkConnectionEnabled: false, pageLoadStrategy: normal, platform: WINDOWS, platformName: WINDOWS, proxy: Proxy(), setWindowRect: true, strictFileInteractability: false, timeouts: {implicit: 0, pageLoad: 300000, script: 30000}, unhandledPromptBehavior: dismiss and notify, webauthn:extension:largeBlob: true, webauthn:virtualAuthenticators: true}&#10;Session ID: 18fe1994367c31eedf3335593e302067&#10;*** Element info: {Using=link text, value=Testes Manuais}" type="org.openqa.selenium.NoSuchElementException">org.openqa.selenium.NoSuchElementException: no such element: Unable to locate element: {&quot;method&quot;:&quot;link text&quot;,&quot;selector&quot;:&quot;Testes Manuais&quot;}
  (Session info: chrome=88.0.4324.190)
For documentation on this error, please visit: https://www.seleniumhq.org/exceptions/no_such_element.html
Build info: version: '3.141.59', revision: 'e82be7d358', time: '2018-11-14T08:17:03'
System info: host: 'CHRIS', ip: '192.168.99.1', os.name: 'Windows 10', os.arch: 'amd64', os.version: '10.0', java.version: '14'
Driver info: org.openqa.selenium.chrome.ChromeDriver
Capabilities {acceptInsecureCerts: false, browserName: chrome, browserVersion: 88.0.4324.190, chrome: {chromedriverVersion: 88.0.4324.27 (6347fe8bf1e48..., userDataDir: C:\Users\Chris\AppData\Loca...}, goog:chromeOptions: {debuggerAddress: localhost:61278}, javascriptEnabled: true, networkConnectionEnabled: false, pageLoadStrategy: normal, platform: WINDOWS, platformName: WINDOWS, proxy: Proxy(), setWindowRect: true, strictFileInteractability: false, timeouts: {implicit: 0, pageLoad: 300000, script: 30000}, unhandledPromptBehavior: dismiss and notify, webauthn:extension:largeBlob: true, webauthn:virtualAuthenticators: true}
Session ID: 18fe1994367c31eedf3335593e302067
*** Element info: {Using=link text, value=Testes Manuais}
	at java.base/jdk.internal.reflect.NativeConstructorAccessorImpl.newInstance0(Native Method)
	at java.base/jdk.internal.reflect.NativeConstructorAccessorImpl.newInstance(NativeConstructorAccessorImpl.java:62)
	at java.base/jdk.internal.reflect.DelegatingConstructorAccessorImpl.newInstance(DelegatingConstructorAccessorImpl.java:45)
	at java.base/java.lang.reflect.Constructor.newInstanceWithCaller(Constructor.java:500)
	at java.base/java.lang.reflect.Constructor.newInstance(Constructor.java:481)
	at org.openqa.selenium.remote.http.W3CHttpResponseCodec.createException(W3CHttpResponseCodec.java:187)
	at org.openqa.selenium.remote.http.W3CHttpResponseCodec.decode(W3CHttpResponseCodec.java:122)
	at org.openqa.selenium.remote.http.W3CHttpResponseCodec.decode(W3CHttpResponseCodec.java:49)
	at org.openqa.selenium.remote.HttpCommandExecutor.execute(HttpCommandExecutor.java:158)
	at org.openqa.selenium.remote.service.DriverCommandExecutor.execute(DriverCommandExecutor.java:83)
	at org.openqa.selenium.remote.RemoteWebDriver.execute(RemoteWebDriver.java:552)
	at org.openqa.selenium.remote.RemoteWebDriver.findElement(RemoteWebDriver.java:323)
	at org.openqa.selenium.remote.RemoteWebDriver.findElementByLinkText(RemoteWebDriver.java:380)
	at org.openqa.selenium.By$ByLinkText.findElement(By.java:220)
	at org.openqa.selenium.remote.RemoteWebDriver.findElement(RemoteWebDriver.java:315)
	at step_definitions.PortalSteps.euClicoNoMenuEEscolhoTitulo(PortalSteps.java:45)
	at ✽.eu clico no Menu e escolho &quot;Testes Manuais&quot;(file:///D:/chris/Documents/ProjetoAudiTesteWeb/src/test/java/features/Portal.feature:7)
</failure>
  </testcase>
  <testcase name="Acessar Menu #4" classname="Menu" time="25.563"/>
  <testcase name="Acessar Menu #5" classname="Menu" time="23.948">
    <failure message="org.openqa.selenium.NoSuchElementException: no such element: Unable to locate element: {&quot;method&quot;:&quot;link text&quot;,&quot;selector&quot;:&quot;Fábrica de Testes&quot;}&#10;  (Session info: chrome=88.0.4324.190)&#10;For documentation on this error, please visit: https://www.seleniumhq.org/exceptions/no_such_element.html&#10;Build info: version: '3.141.59', revision: 'e82be7d358', time: '2018-11-14T08:17:03'&#10;System info: host: 'CHRIS', ip: '192.168.99.1', os.name: 'Windows 10', os.arch: 'amd64', os.version: '10.0', java.version: '14'&#10;Driver info: org.openqa.selenium.chrome.ChromeDriver&#10;Capabilities {acceptInsecureCerts: false, browserName: chrome, browserVersion: 88.0.4324.190, chrome: {chromedriverVersion: 88.0.4324.27 (6347fe8bf1e48..., userDataDir: C:\Users\Chris\AppData\Loca...}, goog:chromeOptions: {debuggerAddress: localhost:61662}, javascriptEnabled: true, networkConnectionEnabled: false, pageLoadStrategy: normal, platform: WINDOWS, platformName: WINDOWS, proxy: Proxy(), setWindowRect: true, strictFileInteractability: false, timeouts: {implicit: 0, pageLoad: 300000, script: 30000}, unhandledPromptBehavior: dismiss and notify, webauthn:extension:largeBlob: true, webauthn:virtualAuthenticators: true}&#10;Session ID: 779981a550f9ee7dbfbe4801488b1a8d&#10;*** Element info: {Using=link text, value=Fábrica de Testes}" type="org.openqa.selenium.NoSuchElementException">org.openqa.selenium.NoSuchElementException: no such element: Unable to locate element: {&quot;method&quot;:&quot;link text&quot;,&quot;selector&quot;:&quot;Fábrica de Testes&quot;}
  (Session info: chrome=88.0.4324.190)
For documentation on this error, please visit: https://www.seleniumhq.org/exceptions/no_such_element.html
Build info: version: '3.141.59', revision: 'e82be7d358', time: '2018-11-14T08:17:03'
System info: host: 'CHRIS', ip: '192.168.99.1', os.name: 'Windows 10', os.arch: 'amd64', os.version: '10.0', java.version: '14'
Driver info: org.openqa.selenium.chrome.ChromeDriver
Capabilities {acceptInsecureCerts: false, browserName: chrome, browserVersion: 88.0.4324.190, chrome: {chromedriverVersion: 88.0.4324.27 (6347fe8bf1e48..., userDataDir: C:\Users\Chris\AppData\Loca...}, goog:chromeOptions: {debuggerAddress: localhost:61662}, javascriptEnabled: true, networkConnectionEnabled: false, pageLoadStrategy: normal, platform: WINDOWS, platformName: WINDOWS, proxy: Proxy(), setWindowRect: true, strictFileInteractability: false, timeouts: {implicit: 0, pageLoad: 300000, script: 30000}, unhandledPromptBehavior: dismiss and notify, webauthn:extension:largeBlob: true, webauthn:virtualAuthenticators: true}
Session ID: 779981a550f9ee7dbfbe4801488b1a8d
*** Element info: {Using=link text, value=Fábrica de Testes}
	at java.base/jdk.internal.reflect.NativeConstructorAccessorImpl.newInstance0(Native Method)
	at java.base/jdk.internal.reflect.NativeConstructorAccessorImpl.newInstance(NativeConstructorAccessorImpl.java:62)
	at java.base/jdk.internal.reflect.DelegatingConstructorAccessorImpl.newInstance(DelegatingConstructorAccessorImpl.java:45)
	at java.base/java.lang.reflect.Constructor.newInstanceWithCaller(Constructor.java:500)
	at java.base/java.lang.reflect.Constructor.newInstance(Constructor.java:481)
	at org.openqa.selenium.remote.http.W3CHttpResponseCodec.createException(W3CHttpResponseCodec.java:187)
	at org.openqa.selenium.remote.http.W3CHttpResponseCodec.decode(W3CHttpResponseCodec.java:122)
	at org.openqa.selenium.remote.http.W3CHttpResponseCodec.decode(W3CHttpResponseCodec.java:49)
	at org.openqa.selenium.remote.HttpCommandExecutor.execute(HttpCommandExecutor.java:158)
	at org.openqa.selenium.remote.service.DriverCommandExecutor.execute(DriverCommandExecutor.java:83)
	at org.openqa.selenium.remote.RemoteWebDriver.execute(RemoteWebDriver.java:552)
	at org.openqa.selenium.remote.RemoteWebDriver.findElement(RemoteWebDriver.java:323)
	at org.openqa.selenium.remote.RemoteWebDriver.findElementByLinkText(RemoteWebDriver.java:380)
	at org.openqa.selenium.By$ByLinkText.findElement(By.java:220)
	at org.openqa.selenium.remote.RemoteWebDriver.findElement(RemoteWebDriver.java:315)
	at step_definitions.PortalSteps.euClicoNoMenuEEscolhoTitulo(PortalSteps.java:45)
	at ✽.eu clico no Menu e escolho &quot;Fábrica de Testes&quot;(file:///D:/chris/Documents/ProjetoAudiTesteWeb/src/test/java/features/Portal.feature:7)
</failure>
  </testcase>
  <testcase name="Acessar Menu #6" classname="Menu" time="23.733"/>
  <testcase name="Acessar Menu #7" classname="Menu" time="27.685"/>
  <testcase name="Acessar Menu #8" classname="Menu" time="27.018"/>
  <testcase name="Acessar Menu #9" classname="Menu" time="24.845"/>
  <system-out><![CDATA[
Esquema do Cenario: Acessar Menu                                                                                  ?[90m# src/test/java/features/Portal.feature:11?[0m
  ?[32mDado ?[0m?[32mque esteja na home da pagina?[0m                                                                               ?[90m# step_definitions.PortalSteps.queEstejaNaHomeDaPagina()?[0m
  ?[31mQuando ?[0m?[31meu clico no Menu e escolho ?[0m?[31m?[1m"Testes Automatizados"?[0m                                                        ?[90m# step_definitions.PortalSteps.euClicoNoMenuEEscolhoTitulo(java.lang.String)?[0m
      ?[31morg.openqa.selenium.NoSuchElementException: no such element: Unable to locate element: {"method":"link text","selector":"Testes Automatizados"}
  (Session info: chrome=88.0.4324.190)
For documentation on this error, please visit: https://www.seleniumhq.org/exceptions/no_such_element.html
Build info: version: '3.141.59', revision: 'e82be7d358', time: '2018-11-14T08:17:03'
System info: host: 'CHRIS', ip: '192.168.99.1', os.name: 'Windows 10', os.arch: 'amd64', os.version: '10.0', java.version: '14'
Driver info: org.openqa.selenium.chrome.ChromeDriver
Capabilities {acceptInsecureCerts: false, browserName: chrome, browserVersion: 88.0.4324.190, chrome: {chromedriverVersion: 88.0.4324.27 (6347fe8bf1e48..., userDataDir: C:\Users\Chris\AppData\Loca...}, goog:chromeOptions: {debuggerAddress: localhost:60923}, javascriptEnabled: true, networkConnectionEnabled: false, pageLoadStrategy: normal, platform: WINDOWS, platformName: WINDOWS, proxy: Proxy(), setWindowRect: true, strictFileInteractability: false, timeouts: {implicit: 0, pageLoad: 300000, script: 30000}, unhandledPromptBehavior: dismiss and notify, webauthn:extension:largeBlob: true, webauthn:virtualAuthenticators: true}
Session ID: 79e96647c3391ed733dcfd5fa77bdba5
*** Element info: {Using=link text, value=Testes Automatizados}
	at java.base/jdk.internal.reflect.NativeConstructorAccessorImpl.newInstance0(Native Method)
	at java.base/jdk.internal.reflect.NativeConstructorAccessorImpl.newInstance(NativeConstructorAccessorImpl.java:62)
	at java.base/jdk.internal.reflect.DelegatingConstructorAccessorImpl.newInstance(DelegatingConstructorAccessorImpl.java:45)
	at java.base/java.lang.reflect.Constructor.newInstanceWithCaller(Constructor.java:500)
	at java.base/java.lang.reflect.Constructor.newInstance(Constructor.java:481)
	at org.openqa.selenium.remote.http.W3CHttpResponseCodec.createException(W3CHttpResponseCodec.java:187)
	at org.openqa.selenium.remote.http.W3CHttpResponseCodec.decode(W3CHttpResponseCodec.java:122)
	at org.openqa.selenium.remote.http.W3CHttpResponseCodec.decode(W3CHttpResponseCodec.java:49)
	at org.openqa.selenium.remote.HttpCommandExecutor.execute(HttpCommandExecutor.java:158)
	at org.openqa.selenium.remote.service.DriverCommandExecutor.execute(DriverCommandExecutor.java:83)
	at org.openqa.selenium.remote.RemoteWebDriver.execute(RemoteWebDriver.java:552)
	at org.openqa.selenium.remote.RemoteWebDriver.findElement(RemoteWebDriver.java:323)
	at org.openqa.selenium.remote.RemoteWebDriver.findElementByLinkText(RemoteWebDriver.java:380)
	at org.openqa.selenium.By$ByLinkText.findElement(By.java:220)
	at org.openqa.selenium.remote.RemoteWebDriver.findElement(RemoteWebDriver.java:315)
	at step_definitions.PortalSteps.euClicoNoMenuEEscolhoTitulo(PortalSteps.java:45)
	at âœ½.eu clico no Menu e escolho "Testes Automatizados"(file:///D:/chris/Documents/ProjetoAudiTesteWeb/src/test/java/features/Portal.feature:7)
?[0m
  ?[36mEntao ?[0m?[36mdeve ir para ?[0m?[36m?[1m"https://auditeste.com.br/servicos/testes-automatizados/"?[0m?[36m e mostrar ?[0m?[36m?[1m"//TESTES AUTOMATIZADOS"?[0m ?[90m# step_definitions.PortalSteps.deveIrParaUrlEMostrarTexto(java.lang.String,java.lang.String)?[0m

Esquema do Cenario: Acessar Menu                                                                                                          ?[90m# src/test/java/features/Portal.feature:12?[0m
  ?[32mDado ?[0m?[32mque esteja na home da pagina?[0m                                                                                                       ?[90m# step_definitions.PortalSteps.queEstejaNaHomeDaPagina()?[0m
  ?[31mQuando ?[0m?[31meu clico no Menu e escolho ?[0m?[31m?[1m"Testes Funcionais NÃ£o Funcionais"?[0m                                                                    ?[90m# step_definitions.PortalSteps.euClicoNoMenuEEscolhoTitulo(java.lang.String)?[0m
      ?[31morg.openqa.selenium.NoSuchElementException: no such element: Unable to locate element: {"method":"link text","selector":"Testes Funcionais NÃ£o Funcionais"}
  (Session info: chrome=88.0.4324.190)
For documentation on this error, please visit: https://www.seleniumhq.org/exceptions/no_such_element.html
Build info: version: '3.141.59', revision: 'e82be7d358', time: '2018-11-14T08:17:03'
System info: host: 'CHRIS', ip: '192.168.99.1', os.name: 'Windows 10', os.arch: 'amd64', os.version: '10.0', java.version: '14'
Driver info: org.openqa.selenium.chrome.ChromeDriver
Capabilities {acceptInsecureCerts: false, browserName: chrome, browserVersion: 88.0.4324.190, chrome: {chromedriverVersion: 88.0.4324.27 (6347fe8bf1e48..., userDataDir: C:\Users\Chris\AppData\Loca...}, goog:chromeOptions: {debuggerAddress: localhost:61101}, javascriptEnabled: true, networkConnectionEnabled: false, pageLoadStrategy: normal, platform: WINDOWS, platformName: WINDOWS, proxy: Proxy(), setWindowRect: true, strictFileInteractability: false, timeouts: {implicit: 0, pageLoad: 300000, script: 30000}, unhandledPromptBehavior: dismiss and notify, webauthn:extension:largeBlob: true, webauthn:virtualAuthenticators: true}
Session ID: 596a09fbc9ec13ea7ad73f620628a4f9
*** Element info: {Using=link text, value=Testes Funcionais NÃ£o Funcionais}
	at java.base/jdk.internal.reflect.NativeConstructorAccessorImpl.newInstance0(Native Method)
	at java.base/jdk.internal.reflect.NativeConstructorAccessorImpl.newInstance(NativeConstructorAccessorImpl.java:62)
	at java.base/jdk.internal.reflect.DelegatingConstructorAccessorImpl.newInstance(DelegatingConstructorAccessorImpl.java:45)
	at java.base/java.lang.reflect.Constructor.newInstanceWithCaller(Constructor.java:500)
	at java.base/java.lang.reflect.Constructor.newInstance(Constructor.java:481)
	at org.openqa.selenium.remote.http.W3CHttpResponseCodec.createException(W3CHttpResponseCodec.java:187)
	at org.openqa.selenium.remote.http.W3CHttpResponseCodec.decode(W3CHttpResponseCodec.java:122)
	at org.openqa.selenium.remote.http.W3CHttpResponseCodec.decode(W3CHttpResponseCodec.java:49)
	at org.openqa.selenium.remote.HttpCommandExecutor.execute(HttpCommandExecutor.java:158)
	at org.openqa.selenium.remote.service.DriverCommandExecutor.execute(DriverCommandExecutor.java:83)
	at org.openqa.selenium.remote.RemoteWebDriver.execute(RemoteWebDriver.java:552)
	at org.openqa.selenium.remote.RemoteWebDriver.findElement(RemoteWebDriver.java:323)
	at org.openqa.selenium.remote.RemoteWebDriver.findElementByLinkText(RemoteWebDriver.java:380)
	at org.openqa.selenium.By$ByLinkText.findElement(By.java:220)
	at org.openqa.selenium.remote.RemoteWebDriver.findElement(RemoteWebDriver.java:315)
	at step_definitions.PortalSteps.euClicoNoMenuEEscolhoTitulo(PortalSteps.java:45)
	at âœ½.eu clico no Menu e escolho "Testes Funcionais NÃ£o Funcionais"(file:///D:/chris/Documents/ProjetoAudiTesteWeb/src/test/java/features/Portal.feature:7)
?[0m
  ?[36mEntao ?[0m?[36mdeve ir para ?[0m?[36m?[1m"https://auditeste.com.br/servicos/testes-funcionais-nao-funcionais/"?[0m?[36m e mostrar ?[0m?[36m?[1m"//TESTES FUNCIONAIS NÃƒO FUNCIONAIS"?[0m ?[90m# step_definitions.PortalSteps.deveIrParaUrlEMostrarTexto(java.lang.String,java.lang.String)?[0m

Esquema do Cenario: Acessar Menu                                                                      ?[90m# src/test/java/features/Portal.feature:13?[0m
  ?[32mDado ?[0m?[32mque esteja na home da pagina?[0m                                                                   ?[90m# step_definitions.PortalSteps.queEstejaNaHomeDaPagina()?[0m
  ?[31mQuando ?[0m?[31meu clico no Menu e escolho ?[0m?[31m?[1m"Testes Manuais"?[0m                                                  ?[90m# step_definitions.PortalSteps.euClicoNoMenuEEscolhoTitulo(java.lang.String)?[0m
      ?[31morg.openqa.selenium.NoSuchElementException: no such element: Unable to locate element: {"method":"link text","selector":"Testes Manuais"}
  (Session info: chrome=88.0.4324.190)
For documentation on this error, please visit: https://www.seleniumhq.org/exceptions/no_such_element.html
Build info: version: '3.141.59', revision: 'e82be7d358', time: '2018-11-14T08:17:03'
System info: host: 'CHRIS', ip: '192.168.99.1', os.name: 'Windows 10', os.arch: 'amd64', os.version: '10.0', java.version: '14'
Driver info: org.openqa.selenium.chrome.ChromeDriver
Capabilities {acceptInsecureCerts: false, browserName: chrome, browserVersion: 88.0.4324.190, chrome: {chromedriverVersion: 88.0.4324.27 (6347fe8bf1e48..., userDataDir: C:\Users\Chris\AppData\Loca...}, goog:chromeOptions: {debuggerAddress: localhost:61278}, javascriptEnabled: true, networkConnectionEnabled: false, pageLoadStrategy: normal, platform: WINDOWS, platformName: WINDOWS, proxy: Proxy(), setWindowRect: true, strictFileInteractability: false, timeouts: {implicit: 0, pageLoad: 300000, script: 30000}, unhandledPromptBehavior: dismiss and notify, webauthn:extension:largeBlob: true, webauthn:virtualAuthenticators: true}
Session ID: 18fe1994367c31eedf3335593e302067
*** Element info: {Using=link text, value=Testes Manuais}
	at java.base/jdk.internal.reflect.NativeConstructorAccessorImpl.newInstance0(Native Method)
	at java.base/jdk.internal.reflect.NativeConstructorAccessorImpl.newInstance(NativeConstructorAccessorImpl.java:62)
	at java.base/jdk.internal.reflect.DelegatingConstructorAccessorImpl.newInstance(DelegatingConstructorAccessorImpl.java:45)
	at java.base/java.lang.reflect.Constructor.newInstanceWithCaller(Constructor.java:500)
	at java.base/java.lang.reflect.Constructor.newInstance(Constructor.java:481)
	at org.openqa.selenium.remote.http.W3CHttpResponseCodec.createException(W3CHttpResponseCodec.java:187)
	at org.openqa.selenium.remote.http.W3CHttpResponseCodec.decode(W3CHttpResponseCodec.java:122)
	at org.openqa.selenium.remote.http.W3CHttpResponseCodec.decode(W3CHttpResponseCodec.java:49)
	at org.openqa.selenium.remote.HttpCommandExecutor.execute(HttpCommandExecutor.java:158)
	at org.openqa.selenium.remote.service.DriverCommandExecutor.execute(DriverCommandExecutor.java:83)
	at org.openqa.selenium.remote.RemoteWebDriver.execute(RemoteWebDriver.java:552)
	at org.openqa.selenium.remote.RemoteWebDriver.findElement(RemoteWebDriver.java:323)
	at org.openqa.selenium.remote.RemoteWebDriver.findElementByLinkText(RemoteWebDriver.java:380)
	at org.openqa.selenium.By$ByLinkText.findElement(By.java:220)
	at org.openqa.selenium.remote.RemoteWebDriver.findElement(RemoteWebDriver.java:315)
	at step_definitions.PortalSteps.euClicoNoMenuEEscolhoTitulo(PortalSteps.java:45)
	at âœ½.eu clico no Menu e escolho "Testes Manuais"(file:///D:/chris/Documents/ProjetoAudiTesteWeb/src/test/java/features/Portal.feature:7)
?[0m
  ?[36mEntao ?[0m?[36mdeve ir para ?[0m?[36m?[1m"https://auditeste.com.br/servicos/testes-manuais/"?[0m?[36m e mostrar ?[0m?[36m?[1m"//TESTES MANUAIS"?[0m ?[90m# step_definitions.PortalSteps.deveIrParaUrlEMostrarTexto(java.lang.String,java.lang.String)?[0m

Esquema do Cenario: Acessar Menu                                                                    ?[90m# src/test/java/features/Portal.feature:14?[0m
  ?[32mDado ?[0m?[32mque esteja na home da pagina?[0m                                                                 ?[90m# step_definitions.PortalSteps.queEstejaNaHomeDaPagina()?[0m
  ?[32mQuando ?[0m?[32meu clico no Menu e escolho ?[0m?[32m?[1m"Testes Mobile"?[0m                                                 ?[90m# step_definitions.PortalSteps.euClicoNoMenuEEscolhoTitulo(java.lang.String)?[0m
  ?[32mEntao ?[0m?[32mdeve ir para ?[0m?[32m?[1m"https://auditeste.com.br/servicos/testes-mobile/"?[0m?[32m e mostrar ?[0m?[32m?[1m"//TESTES MOBILE"?[0m ?[90m# step_definitions.PortalSteps.deveIrParaUrlEMostrarTexto(java.lang.String,java.lang.String)?[0m

Esquema do Cenario: Acessar Menu                                                                         ?[90m# src/test/java/features/Portal.feature:15?[0m
  ?[32mDado ?[0m?[32mque esteja na home da pagina?[0m                                                                      ?[90m# step_definitions.PortalSteps.queEstejaNaHomeDaPagina()?[0m
  ?[31mQuando ?[0m?[31meu clico no Menu e escolho ?[0m?[31m?[1m"FÃ¡brica de Testes"?[0m                                                  ?[90m# step_definitions.PortalSteps.euClicoNoMenuEEscolhoTitulo(java.lang.String)?[0m
      ?[31morg.openqa.selenium.NoSuchElementException: no such element: Unable to locate element: {"method":"link text","selector":"FÃ¡brica de Testes"}
  (Session info: chrome=88.0.4324.190)
For documentation on this error, please visit: https://www.seleniumhq.org/exceptions/no_such_element.html
Build info: version: '3.141.59', revision: 'e82be7d358', time: '2018-11-14T08:17:03'
System info: host: 'CHRIS', ip: '192.168.99.1', os.name: 'Windows 10', os.arch: 'amd64', os.version: '10.0', java.version: '14'
Driver info: org.openqa.selenium.chrome.ChromeDriver
Capabilities {acceptInsecureCerts: false, browserName: chrome, browserVersion: 88.0.4324.190, chrome: {chromedriverVersion: 88.0.4324.27 (6347fe8bf1e48..., userDataDir: C:\Users\Chris\AppData\Loca...}, goog:chromeOptions: {debuggerAddress: localhost:61662}, javascriptEnabled: true, networkConnectionEnabled: false, pageLoadStrategy: normal, platform: WINDOWS, platformName: WINDOWS, proxy: Proxy(), setWindowRect: true, strictFileInteractability: false, timeouts: {implicit: 0, pageLoad: 300000, script: 30000}, unhandledPromptBehavior: dismiss and notify, webauthn:extension:largeBlob: true, webauthn:virtualAuthenticators: true}
Session ID: 779981a550f9ee7dbfbe4801488b1a8d
*** Element info: {Using=link text, value=FÃ¡brica de Testes}
	at java.base/jdk.internal.reflect.NativeConstructorAccessorImpl.newInstance0(Native Method)
	at java.base/jdk.internal.reflect.NativeConstructorAccessorImpl.newInstance(NativeConstructorAccessorImpl.java:62)
	at java.base/jdk.internal.reflect.DelegatingConstructorAccessorImpl.newInstance(DelegatingConstructorAccessorImpl.java:45)
	at java.base/java.lang.reflect.Constructor.newInstanceWithCaller(Constructor.java:500)
	at java.base/java.lang.reflect.Constructor.newInstance(Constructor.java:481)
	at org.openqa.selenium.remote.http.W3CHttpResponseCodec.createException(W3CHttpResponseCodec.java:187)
	at org.openqa.selenium.remote.http.W3CHttpResponseCodec.decode(W3CHttpResponseCodec.java:122)
	at org.openqa.selenium.remote.http.W3CHttpResponseCodec.decode(W3CHttpResponseCodec.java:49)
	at org.openqa.selenium.remote.HttpCommandExecutor.execute(HttpCommandExecutor.java:158)
	at org.openqa.selenium.remote.service.DriverCommandExecutor.execute(DriverCommandExecutor.java:83)
	at org.openqa.selenium.remote.RemoteWebDriver.execute(RemoteWebDriver.java:552)
	at org.openqa.selenium.remote.RemoteWebDriver.findElement(RemoteWebDriver.java:323)
	at org.openqa.selenium.remote.RemoteWebDriver.findElementByLinkText(RemoteWebDriver.java:380)
	at org.openqa.selenium.By$ByLinkText.findElement(By.java:220)
	at org.openqa.selenium.remote.RemoteWebDriver.findElement(RemoteWebDriver.java:315)
	at step_definitions.PortalSteps.euClicoNoMenuEEscolhoTitulo(PortalSteps.java:45)
	at âœ½.eu clico no Menu e escolho "FÃ¡brica de Testes"(file:///D:/chris/Documents/ProjetoAudiTesteWeb/src/test/java/features/Portal.feature:7)
?[0m
  ?[36mEntao ?[0m?[36mdeve ir para ?[0m?[36m?[1m"https://auditeste.com.br/servicos/testes-fabrica/"?[0m?[36m e mostrar ?[0m?[36m?[1m"//FÃ�BRICA DE TESTES"?[0m ?[90m# step_definitions.PortalSteps.deveIrParaUrlEMostrarTexto(java.lang.String,java.lang.String)?[0m

Esquema do Cenario: Acessar Menu                                                                       ?[90m# src/test/java/features/Portal.feature:16?[0m
  ?[32mDado ?[0m?[32mque esteja na home da pagina?[0m                                                                    ?[90m# step_definitions.PortalSteps.queEstejaNaHomeDaPagina()?[0m
  ?[32mQuando ?[0m?[32meu clico no Menu e escolho ?[0m?[32m?[1m"Consultoria"?[0m                                                      ?[90m# step_definitions.PortalSteps.euClicoNoMenuEEscolhoTitulo(java.lang.String)?[0m
  ?[32mEntao ?[0m?[32mdeve ir para ?[0m?[32m?[1m"https://auditeste.com.br/servicos/testes-consultoria/"?[0m?[32m e mostrar ?[0m?[32m?[1m"//CONSULTORIA"?[0m ?[90m# step_definitions.PortalSteps.deveIrParaUrlEMostrarTexto(java.lang.String,java.lang.String)?[0m

Esquema do Cenario: Acessar Menu                                                                                      ?[90m# src/test/java/features/Portal.feature:17?[0m
  ?[32mDado ?[0m?[32mque esteja na home da pagina?[0m                                                                                   ?[90m# step_definitions.PortalSteps.queEstejaNaHomeDaPagina()?[0m
  ?[32mQuando ?[0m?[32meu clico no Menu e escolho ?[0m?[32m?[1m"Crowdsourced Auditeste"?[0m                                                          ?[90m# step_definitions.PortalSteps.euClicoNoMenuEEscolhoTitulo(java.lang.String)?[0m
  ?[32mEntao ?[0m?[32mdeve ir para ?[0m?[32m?[1m"https://auditeste.com.br/servicos/crowdsourced-auditeste/"?[0m?[32m e mostrar ?[0m?[32m?[1m"//CROWDSOURCED AUDITESTE"?[0m ?[90m# step_definitions.PortalSteps.deveIrParaUrlEMostrarTexto(java.lang.String,java.lang.String)?[0m

Esquema do Cenario: Acessar Menu                                                                                 ?[90m# src/test/java/features/Portal.feature:18?[0m
  ?[32mDado ?[0m?[32mque esteja na home da pagina?[0m                                                                              ?[90m# step_definitions.PortalSteps.queEstejaNaHomeDaPagina()?[0m
  ?[32mQuando ?[0m?[32meu clico no Menu e escolho ?[0m?[32m?[1m"AlocaÃ§Ã£o de Profissionais"?[0m                                                  ?[90m# step_definitions.PortalSteps.euClicoNoMenuEEscolhoTitulo(java.lang.String)?[0m
  ?[32mEntao ?[0m?[32mdeve ir para ?[0m?[32m?[1m"https://auditeste.com.br/servicos/teste-alocacao/"?[0m?[32m e mostrar ?[0m?[32m?[1m"//ALOCAÃ‡ÃƒO DE PROFISSIONAIS"?[0m ?[90m# step_definitions.PortalSteps.deveIrParaUrlEMostrarTexto(java.lang.String,java.lang.String)?[0m

Esquema do Cenario: Acessar Menu                                                                                      ?[90m# src/test/java/features/Portal.feature:19?[0m
  ?[32mDado ?[0m?[32mque esteja na home da pagina?[0m                                                                                   ?[90m# step_definitions.PortalSteps.queEstejaNaHomeDaPagina()?[0m
  ?[32mQuando ?[0m?[32meu clico no Menu e escolho ?[0m?[32m?[1m"AutomaÃ§Ã£o de Processos"?[0m                                                          ?[90m# step_definitions.PortalSteps.euClicoNoMenuEEscolhoTitulo(java.lang.String)?[0m
  ?[32mEntao ?[0m?[32mdeve ir para ?[0m?[32m?[1m"https://auditeste.com.br/servicos/automacao-de-processos/"?[0m?[32m e mostrar ?[0m?[32m?[1m"//AUTOMAÃ‡ÃƒO DE PROCESSOS"?[0m ?[90m# step_definitions.PortalSteps.deveIrParaUrlEMostrarTexto(java.lang.String,java.lang.String)?[0m
]]></system-out>
  <system-err><![CDATA[Starting ChromeDriver 88.0.4324.27 (6347fe8bf1e48bd0c54d07dc55ca011cf40861c9-refs/branch-heads/4324@{#450}) on port 33772
Only local connections are allowed.
Please see https://chromedriver.chromium.org/security-considerations for suggestions on keeping ChromeDriver safe.
ChromeDriver was started successfully.
mar. 02, 2021 9:14:09 PM org.openqa.selenium.remote.ProtocolHandshake createSession
INFO: Detected dialect: W3C
Starting ChromeDriver 88.0.4324.27 (6347fe8bf1e48bd0c54d07dc55ca011cf40861c9-refs/branch-heads/4324@{#450}) on port 42610
Only local connections are allowed.
Please see https://chromedriver.chromium.org/security-considerations for suggestions on keeping ChromeDriver safe.
ChromeDriver was started successfully.
mar. 02, 2021 9:14:32 PM org.openqa.selenium.remote.ProtocolHandshake createSession
INFO: Detected dialect: W3C
Starting ChromeDriver 88.0.4324.27 (6347fe8bf1e48bd0c54d07dc55ca011cf40861c9-refs/branch-heads/4324@{#450}) on port 47865
Only local connections are allowed.
Please see https://chromedriver.chromium.org/security-considerations for suggestions on keeping ChromeDriver safe.
ChromeDriver was started successfully.
mar. 02, 2021 9:14:55 PM org.openqa.selenium.remote.ProtocolHandshake createSession
INFO: Detected dialect: W3C
Starting ChromeDriver 88.0.4324.27 (6347fe8bf1e48bd0c54d07dc55ca011cf40861c9-refs/branch-heads/4324@{#450}) on port 4781
Only local connections are allowed.
Please see https://chromedriver.chromium.org/security-considerations for suggestions on keeping ChromeDriver safe.
ChromeDriver was started successfully.
mar. 02, 2021 9:15:19 PM org.openqa.selenium.remote.ProtocolHandshake createSession
INFO: Detected dialect: W3C
Starting ChromeDriver 88.0.4324.27 (6347fe8bf1e48bd0c54d07dc55ca011cf40861c9-refs/branch-heads/4324@{#450}) on port 35367
Only local connections are allowed.
Please see https://chromedriver.chromium.org/security-considerations for suggestions on keeping ChromeDriver safe.
ChromeDriver was started successfully.
mar. 02, 2021 9:15:45 PM org.openqa.selenium.remote.ProtocolHandshake createSession
INFO: Detected dialect: W3C
Starting ChromeDriver 88.0.4324.27 (6347fe8bf1e48bd0c54d07dc55ca011cf40861c9-refs/branch-heads/4324@{#450}) on port 5895
Only local connections are allowed.
Please see https://chromedriver.chromium.org/security-considerations for suggestions on keeping ChromeDriver safe.
ChromeDriver was started successfully.
mar. 02, 2021 9:16:09 PM org.openqa.selenium.remote.ProtocolHandshake createSession
INFO: Detected dialect: W3C
Starting ChromeDriver 88.0.4324.27 (6347fe8bf1e48bd0c54d07dc55ca011cf40861c9-refs/branch-heads/4324@{#450}) on port 23456
Only local connections are allowed.
Please see https://chromedriver.chromium.org/security-considerations for suggestions on keeping ChromeDriver safe.
ChromeDriver was started successfully.
mar. 02, 2021 9:16:32 PM org.openqa.selenium.remote.ProtocolHandshake createSession
INFO: Detected dialect: W3C
Starting ChromeDriver 88.0.4324.27 (6347fe8bf1e48bd0c54d07dc55ca011cf40861c9-refs/branch-heads/4324@{#450}) on port 26085
Only local connections are allowed.
Please see https://chromedriver.chromium.org/security-considerations for suggestions on keeping ChromeDriver safe.
ChromeDriver was started successfully.
mar. 02, 2021 9:17:00 PM org.openqa.selenium.remote.ProtocolHandshake createSession
INFO: Detected dialect: W3C
Starting ChromeDriver 88.0.4324.27 (6347fe8bf1e48bd0c54d07dc55ca011cf40861c9-refs/branch-heads/4324@{#450}) on port 11021
Only local connections are allowed.
Please see https://chromedriver.chromium.org/security-considerations for suggestions on keeping ChromeDriver safe.
ChromeDriver was started successfully.
mar. 02, 2021 9:17:27 PM org.openqa.selenium.remote.ProtocolHandshake createSession
INFO: Detected dialect: W3C
]]></system-err>
</testsuite>
